c:\users\d.bouraba\source\repos\dino\dino\debug\vc141.pdb
c:\users\d.bouraba\source\repos\dino\dino\debug\vc141.idb
c:\users\d.bouraba\source\repos\dino\dino\debug\cactus.obj
c:\users\d.bouraba\source\repos\dino\dino\debug\cactusfactory.obj
c:\users\d.bouraba\source\repos\dino\dino\debug\chromedino.obj
c:\users\d.bouraba\source\repos\dino\dino\debug\logic.obj
c:\users\d.bouraba\source\repos\dino\dino\debug\gameobject.obj
c:\users\d.bouraba\source\repos\dino\dino\debug\input.obj
c:\users\d.bouraba\source\repos\dino\dino\debug\main.obj
c:\users\d.bouraba\source\repos\dino\dino\debug\player.obj
c:\users\d.bouraba\source\repos\dino\dino\debug\quadtree.obj
c:\users\d.bouraba\source\repos\dino\dino\debug\transform2d.obj
c:\users\d.bouraba\source\repos\dino\dino\debug\chromedino.ilk
c:\users\d.bouraba\source\repos\dino\dino\debug\chromedino.exe
c:\users\d.bouraba\source\repos\dino\dino\debug\chromedino.pdb
c:\users\d.bouraba\source\repos\dino\dino\debug\chromedino.tlog\cl.command.1.tlog
c:\users\d.bouraba\source\repos\dino\dino\debug\chromedino.tlog\cl.read.1.tlog
c:\users\d.bouraba\source\repos\dino\dino\debug\chromedino.tlog\cl.write.1.tlog
c:\users\d.bouraba\source\repos\dino\dino\debug\chromedino.tlog\link.command.1.tlog
c:\users\d.bouraba\source\repos\dino\dino\debug\chromedino.tlog\link.read.1.tlog
c:\users\d.bouraba\source\repos\dino\dino\debug\chromedino.tlog\link.write.1.tlog
