c:\users\d.bouraba\downloads\dinosaur-master\dinosaur\debug\vc141.pdb
c:\users\d.bouraba\downloads\dinosaur-master\dinosaur\debug\vc141.idb
c:\users\d.bouraba\downloads\dinosaur-master\dinosaur\debug\cactus.obj
c:\users\d.bouraba\downloads\dinosaur-master\dinosaur\debug\cactusfactory.obj
c:\users\d.bouraba\downloads\dinosaur-master\dinosaur\debug\chromedino.obj
c:\users\d.bouraba\downloads\dinosaur-master\dinosaur\debug\logic.obj
c:\users\d.bouraba\downloads\dinosaur-master\dinosaur\debug\gameobject.obj
c:\users\d.bouraba\downloads\dinosaur-master\dinosaur\debug\input.obj
c:\users\d.bouraba\downloads\dinosaur-master\dinosaur\debug\main.obj
c:\users\d.bouraba\downloads\dinosaur-master\dinosaur\debug\player.obj
c:\users\d.bouraba\downloads\dinosaur-master\dinosaur\debug\quadtree.obj
c:\users\d.bouraba\downloads\dinosaur-master\dinosaur\debug\transform2d.obj
c:\users\d.bouraba\downloads\dinosaur-master\dinosaur\debug\dinosaur.ilk
c:\users\d.bouraba\downloads\dinosaur-master\dinosaur\debug\dinosaur.exe
c:\users\d.bouraba\downloads\dinosaur-master\dinosaur\debug\dinosaur.pdb
c:\users\d.bouraba\downloads\dinosaur-master\dinosaur\debug\dinosaur.tlog\cl.command.1.tlog
c:\users\d.bouraba\downloads\dinosaur-master\dinosaur\debug\dinosaur.tlog\cl.read.1.tlog
c:\users\d.bouraba\downloads\dinosaur-master\dinosaur\debug\dinosaur.tlog\cl.write.1.tlog
c:\users\d.bouraba\downloads\dinosaur-master\dinosaur\debug\dinosaur.tlog\link.command.1.tlog
c:\users\d.bouraba\downloads\dinosaur-master\dinosaur\debug\dinosaur.tlog\link.read.1.tlog
c:\users\d.bouraba\downloads\dinosaur-master\dinosaur\debug\dinosaur.tlog\link.write.1.tlog
